[2023-10-06 16:42:45,872] multiqc                                            [DEBUG  ]  This is MultiQC v1.14
[2023-10-06 16:42:45,872] multiqc                                            [DEBUG  ]  Command used: /home/snbogan/miniconda3/envs/GVA-multiqc/bin/multiqc fastqc_trimmed/ -o multiqc_trimmed --filename multiqc_raw.html --title Raw MultiQC Report
[2023-10-06 16:42:46,186] multiqc                                            [WARNING]  MultiQC Version v1.16 now available!
[2023-10-06 16:42:46,187] multiqc                                            [DEBUG  ]  Working dir : /home/snbogan/usftp21.novogene.com/trim_galore_output
[2023-10-06 16:42:46,187] multiqc                                            [DEBUG  ]  Template    : default
[2023-10-06 16:42:46,187] multiqc                                            [DEBUG  ]  Running Python 3.11.3 | packaged by conda-forge | (main, Apr  6 2023, 08:57:19) [GCC 11.3.0]
[2023-10-06 16:42:46,187] multiqc                                            [INFO   ]  Report title: Raw MultiQC Report
[2023-10-06 16:42:46,187] multiqc                                            [DEBUG  ]  Analysing modules: custom_content, ccs, ngsderive, purple, conpair, lima, peddy, somalier, methylQA, mosdepth, phantompeakqualtools, qualimap, preseq, hifiasm, quast, qorts, rna_seqc, rockhopper, rsem, rseqc, busco, bustools, goleft_indexcov, gffcompare, disambiguate, supernova, deeptools, sargasso, verifybamid, mirtrace, happy, mirtop, sambamba, gopeaks, homer, hops, macs2, theta2, snpeff, gatk, htseq, bcftools, featureCounts, fgbio, dragen, dragen_fastqc, dedup, pbmarkdup, damageprofiler, biobambam2, jcvi, mtnucratio, picard, vep, sentieon, prokka, qc3C, nanostat, samblaster, samtools, sexdeterrmine, eigenstratdatabasetools, bamtools, jellyfish, vcftools, longranger, stacks, varscan2, snippy, umitools, bbmap, bismark, biscuit, diamond, hicexplorer, hicup, hicpro, salmon, kallisto, slamdunk, star, hisat2, tophat, bowtie2, bowtie1, cellranger, snpsplit, odgi, pangolin, nextclade, humid, kat, leehom, adapterRemoval, bbduk, clipandmerge, cutadapt, flexbar, kaiju, kraken, malt, motus, trimmomatic, sickle, skewer, sortmerna, biobloomtools, fastq_screen, afterqc, fastp, fastqc, filtlong, prinseqplusplus, pychopper, porechop, pycoqc, minionqc, anglerfish, multivcfanalyzer, clusterflow, checkqc, bcl2fastq, bclconvert, interop, ivar, flash, seqyclean, optitype, whatshap
[2023-10-06 16:42:46,188] multiqc                                            [DEBUG  ]  Using temporary directory for creating report: /tmp/tmp5dw7ck1t
[2023-10-06 16:42:46,899] multiqc                                            [INFO   ]  Search path : /home/snbogan/usftp21.novogene.com/trim_galore_output/fastqc_trimmed
[2023-10-06 16:42:57,363] multiqc                                            [DEBUG  ]  Summary of files that were skipped by the search: [skipped_module_specific_max_filesize: 528] // [skipped_no_match: 48]
[2023-10-06 16:43:00,964] multiqc.plots.bargraph                             [DEBUG  ]  Using matplotlib version 3.7.1
[2023-10-06 16:43:00,990] multiqc.plots.linegraph                            [DEBUG  ]  Using matplotlib version 3.7.1
[2023-10-06 16:43:01,005] multiqc                                            [DEBUG  ]  No samples found: custom_content
[2023-10-06 16:43:09,221] multiqc.modules.fastqc.fastqc                      [INFO   ]  Found 48 reports
[2023-10-06 16:43:10,589] multiqc                                            [INFO   ]  Compressing plot data
[2023-10-06 16:43:11,354] multiqc                                            [INFO   ]  Report      : multiqc_trimmed/multiqc_raw.html
[2023-10-06 16:43:11,354] multiqc                                            [INFO   ]  Data        : multiqc_trimmed/multiqc_raw_data
[2023-10-06 16:43:11,355] multiqc                                            [DEBUG  ]  Moving data file from '/tmp/tmp5dw7ck1t/multiqc_data' to 'multiqc_trimmed/multiqc_raw_data'
[2023-10-06 16:43:12,631] multiqc                                            [INFO   ]  MultiQC complete
